d:\project\cocos2d-x-2.2.1\projects\rrpkcm\proj.win32\debug.win32\vc120.pdb
d:\project\cocos2d-x-2.2.1\projects\rrpkcm\proj.win32\debug.win32\vc120.idb
d:\project\cocos2d-x-2.2.1\projects\rrpkcm\proj.win32\debug.win32\nthero.obj
d:\project\cocos2d-x-2.2.1\projects\rrpkcm\proj.win32\debug.win32\ntjnihelper.obj
d:\project\cocos2d-x-2.2.1\projects\rrpkcm\proj.win32\debug.win32\ntloadinglayer.obj
d:\project\cocos2d-x-2.2.1\projects\rrpkcm\proj.win32\debug.win32\ntmaplayer.obj
d:\project\cocos2d-x-2.2.1\projects\rrpkcm\proj.win32\debug.win32\ntmenuitem.obj
d:\project\cocos2d-x-2.2.1\projects\rrpkcm\proj.win32\debug.win32\ntmessagebox.obj
d:\project\cocos2d-x-2.2.1\projects\rrpkcm\proj.win32\debug.win32\ntminimap.obj
d:\project\cocos2d-x-2.2.1\projects\rrpkcm\proj.win32\debug.win32\ntpet.obj
d:\project\cocos2d-x-2.2.1\projects\rrpkcm\proj.win32\debug.win32\ntrank.obj
d:\project\cocos2d-x-2.2.1\projects\rrpkcm\proj.win32\debug.win32\ntroad.obj
d:\project\cocos2d-x-2.2.1\projects\rrpkcm\proj.win32\debug.win32\ntset.obj
d:\project\cocos2d-x-2.2.1\projects\rrpkcm\proj.win32\debug.win32\ntsharedjsondata.obj
d:\project\cocos2d-x-2.2.1\projects\rrpkcm\proj.win32\debug.win32\ntstaticdata.obj
d:\project\cocos2d-x-2.2.1\projects\rrpkcm\proj.win32\debug.win32\ntxmlloader.obj
d:\project\cocos2d-x-2.2.1\projects\rrpkcm\proj.win32\debug.win32\main.obj
d:\project\cocos2d-x-2.2.1\projects\rrpkcm\proj.win32\debug.win32\autoscrolllayer.obj
d:\project\cocos2d-x-2.2.1\projects\rrpkcm\proj.win32\debug.win32\bloodtool.obj
d:\project\cocos2d-x-2.2.1\projects\rrpkcm\proj.win32\debug.win32\ccshake.obj
d:\project\cocos2d-x-2.2.1\projects\rrpkcm\proj.win32\debug.win32\database64.obj
d:\project\cocos2d-x-2.2.1\projects\rrpkcm\proj.win32\debug.win32\helloworldscene.obj
d:\project\cocos2d-x-2.2.1\projects\rrpkcm\proj.win32\debug.win32\json.obj
d:\project\cocos2d-x-2.2.1\projects\rrpkcm\proj.win32\debug.win32\kickboss.obj
d:\project\cocos2d-x-2.2.1\projects\rrpkcm\proj.win32\debug.win32\machtimer.obj
d:\project\cocos2d-x-2.2.1\projects\rrpkcm\proj.win32\debug.win32\ntactor.obj
d:\project\cocos2d-x-2.2.1\projects\rrpkcm\proj.win32\debug.win32\ntautoscrolllayer.obj
d:\project\cocos2d-x-2.2.1\projects\rrpkcm\proj.win32\debug.win32\ntbox.obj
d:\project\cocos2d-x-2.2.1\projects\rrpkcm\proj.win32\debug.win32\ntcontrollayer.obj
d:\project\cocos2d-x-2.2.1\projects\rrpkcm\proj.win32\debug.win32\ntcoverlayer.obj
d:\project\cocos2d-x-2.2.1\projects\rrpkcm\proj.win32\debug.win32\nteffectlayer.obj
d:\project\cocos2d-x-2.2.1\projects\rrpkcm\proj.win32\debug.win32\ntgameguide.obj
d:\project\cocos2d-x-2.2.1\projects\rrpkcm\proj.win32\debug.win32\ntgamehud.obj
d:\project\cocos2d-x-2.2.1\projects\rrpkcm\proj.win32\debug.win32\ntgamesave.obj
d:\project\cocos2d-x-2.2.1\projects\rrpkcm\proj.win32\debug.win32\ntgamescene.obj
d:\project\cocos2d-x-2.2.1\projects\rrpkcm\proj.win32\debug.win32\ntgamesound.obj
d:\project\cocos2d-x-2.2.1\projects\rrpkcm\proj.win32\debug.win32\ntgift.obj
d:\project\cocos2d-x-2.2.1\projects\rrpkcm\proj.win32\debug.win32\animatepacker.obj
d:\project\cocos2d-x-2.2.1\projects\rrpkcm\proj.win32\debug.win32\appdelegate.obj
d:\project\cocos2d-x-2.2.1\projects\rrpkcm\proj.win32\debug.win32\assistant.obj
d:\project\cocos2d-x-2.2.1\projects\rrpkcm\proj.win32\debug.win32\libcocos2d.exp
d:\project\cocos2d-x-2.2.1\projects\rrpkcm\proj.win32\debug.win32\libcocos2d.pdb
d:\project\cocos2d-x-2.2.1\projects\rrpkcm\proj.win32\debug.win32\rrpkcm.tlog\cl.command.1.tlog
d:\project\cocos2d-x-2.2.1\projects\rrpkcm\proj.win32\debug.win32\rrpkcm.tlog\cl.read.1.tlog
d:\project\cocos2d-x-2.2.1\projects\rrpkcm\proj.win32\debug.win32\rrpkcm.tlog\cl.write.1.tlog
